<?xml version="1.0" encoding="UTF-8"?>
<testsuite xmlns:xsi="http://www.w3.org/2001/XMLSchema-instance" xsi:noNamespaceSchemaLocation="https://maven.apache.org/surefire/maven-surefire-plugin/xsd/surefire-test-report.xsd" version="3.0.2" name="com.example.NamingStrategyBugTest" time="1.563" tests="4" errors="2" skipped="0" failures="0">
  <properties>
[...]
</properties>
  <testcase name="elementCollectionTableShouldUseSnakeCase" classname="com.example.NamingStrategyBugTest" time="0.249">
    <error message="Could not prepare statement [Table &quot;USER_USER_ROLES&quot; not found; SQL statement:&#10;SELECT * FROM user_user_roles [42102-240]] [SELECT * FROM user_user_roles]" type="org.hibernate.exception.SQLGrammarException"><![CDATA[org.hibernate.exception.SQLGrammarException: 
Could not prepare statement [Table "USER_USER_ROLES" not found; SQL statement:
SELECT * FROM user_user_roles [42102-240]] [SELECT * FROM user_user_roles]
	at org.hibernate.exception.internal.SQLExceptionTypeDelegate.convert(SQLExceptionTypeDelegate.java:64)
	at org.hibernate.exception.internal.StandardSQLExceptionConverter.convert(StandardSQLExceptionConverter.java:34)
	at org.hibernate.engine.jdbc.spi.SqlExceptionHelper.convert(SqlExceptionHelper.java:115)
	at org.hibernate.engine.jdbc.internal.StatementPreparerImpl$StatementPreparationTemplate.prepareStatement(StatementPreparerImpl.java:194)
	at org.hibernate.engine.jdbc.internal.StatementPreparerImpl.prepareQueryStatement(StatementPreparerImpl.java:157)
	at org.hibernate.sql.exec.internal.StandardStatementCreator.createStatement(StandardStatementCreator.java:46)
	at org.hibernate.sql.results.jdbc.internal.DeferredResultSetAccess.executeQuery(DeferredResultSetAccess.java:257)
	at org.hibernate.sql.results.jdbc.internal.DeferredResultSetAccess.getResultSet(DeferredResultSetAccess.java:190)
	at org.hibernate.sql.results.jdbc.internal.AbstractResultSetAccess.getResultSetMetaData(AbstractResultSetAccess.java:52)
	at org.hibernate.sql.results.jdbc.internal.AbstractResultSetAccess.getColumnCount(AbstractResultSetAccess.java:66)
	at org.hibernate.query.results.internal.ResultSetMappingImpl.resolve(ResultSetMappingImpl.java:188)
	at org.hibernate.sql.exec.internal.JdbcSelectExecutorStandardImpl.resolveJdbcValues(JdbcSelectExecutorStandardImpl.java:380)
	at org.hibernate.sql.exec.internal.JdbcSelectExecutorStandardImpl.resolveJdbcValuesSource(JdbcSelectExecutorStandardImpl.java:354)
	at org.hibernate.sql.exec.internal.JdbcSelectExecutorStandardImpl.doExecuteQuery(JdbcSelectExecutorStandardImpl.java:135)
	at org.hibernate.sql.exec.internal.JdbcSelectExecutorStandardImpl.executeQuery(JdbcSelectExecutorStandardImpl.java:100)
	at org.hibernate.sql.exec.spi.JdbcSelectExecutor.executeQuery(JdbcSelectExecutor.java:63)
	at org.hibernate.sql.exec.spi.JdbcSelectExecutor.list(JdbcSelectExecutor.java:137)
	at org.hibernate.sql.exec.spi.JdbcSelectExecutor.list(JdbcSelectExecutor.java:114)
	at org.hibernate.sql.exec.spi.JdbcSelectExecutor.list(JdbcSelectExecutor.java:104)
	at org.hibernate.query.sql.internal.NativeSelectQueryPlanImpl.performList(NativeSelectQueryPlanImpl.java:138)
	at org.hibernate.query.sql.internal.NativeQueryImpl.doList(NativeQueryImpl.java:756)
	at org.hibernate.query.spi.AbstractSelectionQuery.list(AbstractSelectionQuery.java:153)
	at org.hibernate.query.Query.getResultList(Query.java:121)
	at com.example.NamingStrategyBugTest.elementCollectionTableShouldUseSnakeCase(NamingStrategyBugTest.java:59)
Caused by: org.h2.jdbc.JdbcSQLSyntaxErrorException: Table "USER_USER_ROLES" not found; SQL statement:
SELECT * FROM user_user_roles [42102-240]
	at org.h2.message.DbException.getJdbcSQLException(DbException.java:514)
	at org.h2.message.DbException.getJdbcSQLException(DbException.java:489)
	at org.h2.message.DbException.get(DbException.java:223)
	at org.h2.message.DbException.get(DbException.java:199)
	at org.h2.command.Parser.getTableOrViewNotFoundDbException(Parser.java:8049)
	at org.h2.command.Parser.getTableOrViewNotFoundDbException(Parser.java:8020)
	at org.h2.command.Parser.readTableOrView(Parser.java:7999)
	at org.h2.command.Parser.readTablePrimary(Parser.java:1772)
	at org.h2.command.Parser.readTableReference(Parser.java:2252)
	at org.h2.command.Parser.parseSelectFromPart(Parser.java:2705)
	at org.h2.command.Parser.parseSelect(Parser.java:2813)
	at org.h2.command.Parser.parseQueryPrimary(Parser.java:2695)
	at org.h2.command.Parser.parseQueryTerm(Parser.java:2550)
	at org.h2.command.Parser.parseQueryExpressionBody(Parser.java:2529)
	at org.h2.command.Parser.parseQueryExpressionBodyAndEndOfQuery(Parser.java:2522)
	at org.h2.command.Parser.parseQueryExpression(Parser.java:2515)
	at org.h2.command.Parser.parseQuery(Parser.java:2482)
	at org.h2.command.Parser.parsePrepared(Parser.java:613)
	at org.h2.command.Parser.parse(Parser.java:584)
	at org.h2.command.Parser.parse(Parser.java:559)
	at org.h2.command.Parser.prepareCommand(Parser.java:487)
	at org.h2.engine.SessionLocal.prepareLocal(SessionLocal.java:647)
	at org.h2.engine.SessionLocal.prepareCommand(SessionLocal.java:563)
	at org.h2.jdbc.JdbcConnection.prepareCommand(JdbcConnection.java:1160)
	at org.h2.jdbc.JdbcPreparedStatement.<init>(JdbcPreparedStatement.java:93)
	at org.h2.jdbc.JdbcConnection.prepareStatement(JdbcConnection.java:686)
	at com.zaxxer.hikari.pool.ProxyConnection.prepareStatement(ProxyConnection.java:342)
	at com.zaxxer.hikari.pool.HikariProxyConnection.prepareStatement(HikariProxyConnection.java)
	at org.hibernate.engine.jdbc.internal.StatementPreparerImpl$4.doPrepare(StatementPreparerImpl.java:155)
	at org.hibernate.engine.jdbc.internal.StatementPreparerImpl$StatementPreparationTemplate.prepareStatement(StatementPreparerImpl.java:183)
	... 20 more
]]></error>
    <system-out><![CDATA[15:57:30.392 [main] INFO org.springframework.test.context.support.AnnotationConfigContextLoaderUtils -- Could not detect default configuration classes for test class [com.example.NamingStrategyBugTest]: NamingStrategyBugTest does not declare any static, non-private, non-final, nested classes annotated with @Configuration.
15:57:30.431 [main] INFO org.springframework.boot.test.context.SpringBootTestContextBootstrapper -- Found @SpringBootConfiguration com.example.Application for test class com.example.NamingStrategyBugTest

  .   ____          _            __ _ _
 /\\ / ___'_ __ _ _(_)_ __  __ _ \ \ \ \
( ( )\___ | '_ | '_| | '_ \/ _` | \ \ \ \
 \\/  ___)| |_)| | | | | || (_| |  ) ) ) )
  '  |____| .__|_| |_|_| |_\__, | / / / /
 =========|_|==============|___/=/_/_/_/

 :: Spring Boot ::                (v4.0.1)

2026-01-05T15:57:30.571+01:00  INFO 57599 --- [           main] com.example.NamingStrategyBugTest        : Starting NamingStrategyBugTest using Java 25.0.1 with PID 57599 (started by piotr in /Users/piotr/Documents/attendium/hibernate-naming-bug-reproducer)
2026-01-05T15:57:30.572+01:00  INFO 57599 --- [           main] com.example.NamingStrategyBugTest        : No active profile set, falling back to 1 default profile: "default"
2026-01-05T15:57:30.713+01:00  INFO 57599 --- [           main] .s.d.r.c.RepositoryConfigurationDelegate : Bootstrapping Spring Data JPA repositories in DEFAULT mode.
2026-01-05T15:57:30.722+01:00  INFO 57599 --- [           main] .s.d.r.c.RepositoryConfigurationDelegate : Finished Spring Data repository scanning in 5 ms. Found 0 JPA repository interfaces.
2026-01-05T15:57:30.815+01:00  INFO 57599 --- [           main] org.hibernate.orm.jpa                    : HHH008540: Processing PersistenceUnitInfo [name: default]
2026-01-05T15:57:30.837+01:00  INFO 57599 --- [           main] org.hibernate.orm.core                   : HHH000001: Hibernate ORM core version 7.2.0.Final
2026-01-05T15:57:30.995+01:00  INFO 57599 --- [           main] o.s.o.j.p.SpringPersistenceUnitInfo      : No LoadTimeWeaver setup: ignoring JPA class transformer
2026-01-05T15:57:31.008+01:00  INFO 57599 --- [           main] com.zaxxer.hikari.HikariDataSource       : HikariPool-1 - Starting...
2026-01-05T15:57:31.078+01:00  INFO 57599 --- [           main] com.zaxxer.hikari.pool.HikariPool        : HikariPool-1 - Added connection conn0: url=jdbc:h2:mem:testdb user=SA
2026-01-05T15:57:31.079+01:00  INFO 57599 --- [           main] com.zaxxer.hikari.HikariDataSource       : HikariPool-1 - Start completed.
2026-01-05T15:57:31.101+01:00  INFO 57599 --- [           main] org.hibernate.orm.connections.pooling    : HHH10001005: Database info:
	Database JDBC URL [jdbc:h2:mem:testdb]
	Database driver: H2 JDBC Driver
	Database dialect: H2Dialect
	Database version: 2.4.240
	Default catalog/schema: TESTDB/PUBLIC
	Autocommit mode: undefined/unknown
	Isolation level: READ_COMMITTED [default READ_COMMITTED]
	JDBC fetch size: 100
	Pool: DataSourceConnectionProvider
	Minimum pool size: undefined/unknown
	Maximum pool size: undefined/unknown
2026-01-05T15:57:31.399+01:00  INFO 57599 --- [           main] org.hibernate.orm.core                   : HHH000489: No JTA platform available (set 'hibernate.transaction.jta.platform' to enable JTA platform integration)
Hibernate: 
    drop table if exists "User_userRoles" cascade 
Hibernate: 
    drop table if exists post cascade 
Hibernate: 
    drop table if exists "user" cascade 
Hibernate: 
    create table "User_userRoles" (
        "User_id" bigint not null,
        user_roles enum ('ADMIN','USER')
    )
Hibernate: 
    create table post (
        "createdBy_id" bigint,
        id bigint generated by default as identity,
        "lastModifiedBy_id" bigint,
        "lastModifier_id" bigint,
        post_content varchar(255),
        post_title varchar(255),
        primary key (id)
    )
Hibernate: 
    create table "user" (
        id bigint generated by default as identity,
        first_name varchar(255),
        last_name varchar(255),
        primary key (id)
    )
Hibernate: 
    alter table if exists "User_userRoles" 
       add constraint FKtq5fskw1id3srpp8o4xyr1g26 
       foreign key ("User_id") 
       references "user"
Hibernate: 
    alter table if exists post 
       add constraint FKgs325l3jdj6fr7sp9me1r7ltt 
       foreign key ("lastModifier_id") 
       references "user"
Hibernate: 
    alter table if exists post 
       add constraint FK5yogbfvugn7etexk3eblvbau3 
       foreign key ("createdBy_id") 
       references "user"
Hibernate: 
    alter table if exists post 
       add constraint FKca1gfnkuggmrduu4ytllchra4 
       foreign key ("lastModifiedBy_id") 
       references "user"
2026-01-05T15:57:31.418+01:00  INFO 57599 --- [           main] j.LocalContainerEntityManagerFactoryBean : Initialized JPA EntityManagerFactory for persistence unit 'default'
2026-01-05T15:57:31.461+01:00  INFO 57599 --- [           main] com.example.NamingStrategyBugTest        : Started NamingStrategyBugTest in 0.986 seconds (process running for 1.381)
Hibernate: 
    SELECT
        * 
    FROM
        user_user_roles
2026-01-05T15:57:31.708+01:00  WARN 57599 --- [           main] org.hibernate.orm.jdbc.error             : HHH000247: ErrorCode: 42102, SQLState: 42S02
2026-01-05T15:57:31.708+01:00  WARN 57599 --- [           main] org.hibernate.orm.jdbc.error             : Table "USER_USER_ROLES" not found; SQL statement:
SELECT * FROM user_user_roles [42102-240]
]]></system-out>
    <system-err><![CDATA[Mockito is currently self-attaching to enable the inline-mock-maker. This will no longer work in future releases of the JDK. Please add Mockito as an agent to your build as described in Mockito's documentation: https://javadoc.io/doc/org.mockito/mockito-core/latest/org.mockito/org/mockito/Mockito.html#0.3
WARNING: A Java agent has been loaded dynamically (/Users/piotr/.m2/repository/net/bytebuddy/byte-buddy-agent/1.17.8/byte-buddy-agent-1.17.8.jar)
WARNING: If a serviceability tool is in use, please run with -XX:+EnableDynamicAgentLoading to hide this warning
WARNING: If a serviceability tool is not in use, please run with -Djdk.instrument.traceUsage for more information
WARNING: Dynamic loading of agents will be disallowed by default in a future release
]]></system-err>
  </testcase>
  <testcase name="joinColumnsShouldUseSnakeCase" classname="com.example.NamingStrategyBugTest" time="0.003">
    <error message="Could not prepare statement [Column &quot;CREATED_BY_ID&quot; not found; SQL statement:&#10;SELECT id, post_title, created_by_id, last_modified_by_id FROM post WHERE id = 1 [42122-240]] [SELECT id, post_title, created_by_id, last_modified_by_id FROM post WHERE id = 1]" type="org.hibernate.exception.SQLGrammarException"><![CDATA[org.hibernate.exception.SQLGrammarException: 
Could not prepare statement [Column "CREATED_BY_ID" not found; SQL statement:
SELECT id, post_title, created_by_id, last_modified_by_id FROM post WHERE id = 1 [42122-240]] [SELECT id, post_title, created_by_id, last_modified_by_id FROM post WHERE id = 1]
	at org.hibernate.exception.internal.SQLExceptionTypeDelegate.convert(SQLExceptionTypeDelegate.java:64)
	at org.hibernate.exception.internal.StandardSQLExceptionConverter.convert(StandardSQLExceptionConverter.java:34)
	at org.hibernate.engine.jdbc.spi.SqlExceptionHelper.convert(SqlExceptionHelper.java:115)
	at org.hibernate.engine.jdbc.internal.StatementPreparerImpl$StatementPreparationTemplate.prepareStatement(StatementPreparerImpl.java:194)
	at org.hibernate.engine.jdbc.internal.StatementPreparerImpl.prepareQueryStatement(StatementPreparerImpl.java:157)
	at org.hibernate.sql.exec.internal.StandardStatementCreator.createStatement(StandardStatementCreator.java:46)
	at org.hibernate.sql.results.jdbc.internal.DeferredResultSetAccess.executeQuery(DeferredResultSetAccess.java:257)
	at org.hibernate.sql.results.jdbc.internal.DeferredResultSetAccess.getResultSet(DeferredResultSetAccess.java:190)
	at org.hibernate.sql.results.jdbc.internal.AbstractResultSetAccess.getResultSetMetaData(AbstractResultSetAccess.java:52)
	at org.hibernate.sql.results.jdbc.internal.AbstractResultSetAccess.getColumnCount(AbstractResultSetAccess.java:66)
	at org.hibernate.query.results.internal.ResultSetMappingImpl.resolve(ResultSetMappingImpl.java:188)
	at org.hibernate.sql.exec.internal.JdbcSelectExecutorStandardImpl.resolveJdbcValues(JdbcSelectExecutorStandardImpl.java:380)
	at org.hibernate.sql.exec.internal.JdbcSelectExecutorStandardImpl.resolveJdbcValuesSource(JdbcSelectExecutorStandardImpl.java:354)
	at org.hibernate.sql.exec.internal.JdbcSelectExecutorStandardImpl.doExecuteQuery(JdbcSelectExecutorStandardImpl.java:135)
	at org.hibernate.sql.exec.internal.JdbcSelectExecutorStandardImpl.executeQuery(JdbcSelectExecutorStandardImpl.java:100)
	at org.hibernate.sql.exec.spi.JdbcSelectExecutor.executeQuery(JdbcSelectExecutor.java:63)
	at org.hibernate.sql.exec.spi.JdbcSelectExecutor.list(JdbcSelectExecutor.java:137)
	at org.hibernate.sql.exec.spi.JdbcSelectExecutor.list(JdbcSelectExecutor.java:114)
	at org.hibernate.sql.exec.spi.JdbcSelectExecutor.list(JdbcSelectExecutor.java:104)
	at org.hibernate.query.sql.internal.NativeSelectQueryPlanImpl.performList(NativeSelectQueryPlanImpl.java:138)
	at org.hibernate.query.sql.internal.NativeQueryImpl.doList(NativeQueryImpl.java:756)
	at org.hibernate.query.spi.AbstractSelectionQuery.list(AbstractSelectionQuery.java:153)
	at org.hibernate.query.Query.getResultList(Query.java:121)
	at com.example.NamingStrategyBugTest.joinColumnsShouldUseSnakeCase(NamingStrategyBugTest.java:49)
Caused by: org.h2.jdbc.JdbcSQLSyntaxErrorException: Column "CREATED_BY_ID" not found; SQL statement:
SELECT id, post_title, created_by_id, last_modified_by_id FROM post WHERE id = 1 [42122-240]
	at org.h2.message.DbException.getJdbcSQLException(DbException.java:514)
	at org.h2.message.DbException.getJdbcSQLException(DbException.java:489)
	at org.h2.message.DbException.get(DbException.java:223)
	at org.h2.message.DbException.get(DbException.java:199)
	at org.h2.expression.ExpressionColumn.getColumnException(ExpressionColumn.java:244)
	at org.h2.expression.ExpressionColumn.optimizeOther(ExpressionColumn.java:226)
	at org.h2.expression.ExpressionColumn.optimize(ExpressionColumn.java:213)
	at org.h2.command.query.Select.optimizeExpressionsAndPreserveAliases(Select.java:1320)
	at org.h2.command.query.Select.prepareExpressions(Select.java:1207)
	at org.h2.command.query.Query.prepare(Query.java:235)
	at org.h2.command.Parser.prepareCommand(Parser.java:492)
	at org.h2.engine.SessionLocal.prepareLocal(SessionLocal.java:647)
	at org.h2.engine.SessionLocal.prepareCommand(SessionLocal.java:563)
	at org.h2.jdbc.JdbcConnection.prepareCommand(JdbcConnection.java:1160)
	at org.h2.jdbc.JdbcPreparedStatement.<init>(JdbcPreparedStatement.java:93)
	at org.h2.jdbc.JdbcConnection.prepareStatement(JdbcConnection.java:686)
	at com.zaxxer.hikari.pool.ProxyConnection.prepareStatement(ProxyConnection.java:342)
	at com.zaxxer.hikari.pool.HikariProxyConnection.prepareStatement(HikariProxyConnection.java)
	at org.hibernate.engine.jdbc.internal.StatementPreparerImpl$4.doPrepare(StatementPreparerImpl.java:155)
	at org.hibernate.engine.jdbc.internal.StatementPreparerImpl$StatementPreparationTemplate.prepareStatement(StatementPreparerImpl.java:183)
	... 20 more
]]></error>
    <system-out><![CDATA[Hibernate: 
    SELECT
        id,
        post_title,
        created_by_id,
        last_modified_by_id 
    FROM
        post 
    WHERE
        id = 1
2026-01-05T15:57:31.719+01:00  WARN 57599 --- [           main] org.hibernate.orm.jdbc.error             : HHH000247: ErrorCode: 42122, SQLState: 42S22
2026-01-05T15:57:31.719+01:00  WARN 57599 --- [           main] org.hibernate.orm.jdbc.error             : Column "CREATED_BY_ID" not found; SQL statement:
SELECT id, post_title, created_by_id, last_modified_by_id FROM post WHERE id = 1 [42122-240]
]]></system-out>
  </testcase>
  <testcase name="regularColumnsUseSnakeCase" classname="com.example.NamingStrategyBugTest" time="0.039">
    <system-out><![CDATA[Hibernate: 
    SELECT
        post_title,
        post_content 
    FROM
        post 
    WHERE
        id = 1
]]></system-out>
  </testcase>
  <testcase name="persistAndQueryWithJoinColumn" classname="com.example.NamingStrategyBugTest" time="0.129">
    <system-out><![CDATA[Hibernate: 
    insert 
    into
        "user"
        (first_name, last_name, id) 
    values
        (?, ?, default)
Hibernate: 
    insert 
    into
        post
        ("createdBy_id", "lastModifiedBy_id", "lastModifier_id", post_content, post_title, id) 
    values
        (?, ?, ?, ?, ?, default)
Hibernate: 
    insert 
    into
        "User_userRoles"
        ("User_id", user_roles) 
    values
        (?, ?)
Hibernate: 
    select
        p1_0.id,
        cb1_0.id,
        cb1_0.first_name,
        cb1_0.last_name,
        p1_0."lastModifiedBy_id",
        p1_0."lastModifier_id",
        p1_0.post_content,
        p1_0.post_title 
    from
        post p1_0 
    join
        "user" cb1_0 
            on cb1_0.id=p1_0."createdBy_id" 
    where
        p1_0.id=?
]]></system-out>
  </testcase>
</testsuite>